<?xml version="1.0" encoding="UTF-8"?>
<!-- Generated by org.testng.reporters.JUnitXMLReporter -->
<testsuite ignored="2" hostname="DESKTOP-M6GTC40" failures="0" tests="2" name="Default test" time="2.359" errors="0" timestamp="2022-03-31T07:52:02 CDT">
  <testcase classname="com.caseStatus.testCases.BaseTestCase" name="@BeforeTest setup" time="2.241">
    <failure type="org.openqa.selenium.SessionNotCreatedException" message="session not created: This version of ChromeDriver only supports Chrome version 97
Current browser version is 99.0.4844.84 with binary path C:\Program Files (x86)\Google\Chrome\Application\chrome.exe
Build info: version: &amp;apos;4.0.0-alpha-1&amp;apos;, revision: &amp;apos;d1d3728cae&amp;apos;, time: &amp;apos;2019-04-24T13:42:21&amp;apos;
System info: host: &amp;apos;DESKTOP-M6GTC40&amp;apos;, ip: &amp;apos;192.168.1.241&amp;apos;, os.name: &amp;apos;Windows 10&amp;apos;, os.arch: &amp;apos;amd64&amp;apos;, os.version: &amp;apos;10.0&amp;apos;, java.version: &amp;apos;12.0.2&amp;apos;
Driver info: driver.version: ChromeDriver
remote stacktrace: Backtrace:
	Ordinal0 [0x00D5FDC3+2555331]
	Ordinal0 [0x00CF77F1+2127857]
	Ordinal0 [0x00BF2E08+1060360]
	Ordinal0 [0x00C119CA+1186250]
	Ordinal0 [0x00C0D825+1169445]
	Ordinal0 [0x00C0AFC1+1159105]
	Ordinal0 [0x00C3C22F+1360431]
	Ordinal0 [0x00C3BE9A+1359514]
	Ordinal0 [0x00C37976+1341814]
	Ordinal0 [0x00C136B6+1193654]
	Ordinal0 [0x00C14546+1197382]
	GetHandleVerifier [0x00EF9622+1619522]
	GetHandleVerifier [0x00FA882C+2336844]
	GetHandleVerifier [0x00DF23E1+541697]
	GetHandleVerifier [0x00DF1443+537699]
	Ordinal0 [0x00CFD18E+2150798]
	Ordinal0 [0x00D01518+2168088]
	Ordinal0 [0x00D01660+2168416]
	Ordinal0 [0x00D0B330+2208560]
	BaseThreadInitThunk [0x7662FA29+25]
	RtlGetAppContainerNamedObjectPath [0x77BB7A7E+286]
	RtlGetAppContainerNamedObjectPath [0x77BB7A4E+238]
">
      <![CDATA[org.openqa.selenium.SessionNotCreatedException: session not created: This version of ChromeDriver only supports Chrome version 97
Current browser version is 99.0.4844.84 with binary path C:\Program Files (x86)\Google\Chrome\Application\chrome.exe
Build info: version: '4.0.0-alpha-1', revision: 'd1d3728cae', time: '2019-04-24T13:42:21'
System info: host: 'DESKTOP-M6GTC40', ip: '192.168.1.241', os.name: 'Windows 10', os.arch: 'amd64', os.version: '10.0', java.version: '12.0.2'
Driver info: driver.version: ChromeDriver
remote stacktrace: Backtrace:
Ordinal0 [0x00D5FDC3+2555331]
Ordinal0 [0x00CF77F1+2127857]
Ordinal0 [0x00BF2E08+1060360]
Ordinal0 [0x00C119CA+1186250]
Ordinal0 [0x00C0D825+1169445]
Ordinal0 [0x00C0AFC1+1159105]
Ordinal0 [0x00C3C22F+1360431]
Ordinal0 [0x00C3BE9A+1359514]
Ordinal0 [0x00C37976+1341814]
Ordinal0 [0x00C136B6+1193654]
Ordinal0 [0x00C14546+1197382]
GetHandleVerifier [0x00EF9622+1619522]
GetHandleVerifier [0x00FA882C+2336844]
GetHandleVerifier [0x00DF23E1+541697]
GetHandleVerifier [0x00DF1443+537699]
Ordinal0 [0x00CFD18E+2150798]
Ordinal0 [0x00D01518+2168088]
Ordinal0 [0x00D01660+2168416]
Ordinal0 [0x00D0B330+2208560]
BaseThreadInitThunk [0x7662FA29+25]
RtlGetAppContainerNamedObjectPath [0x77BB7A7E+286]
RtlGetAppContainerNamedObjectPath [0x77BB7A4E+238]

at java.base/jdk.internal.reflect.NativeConstructorAccessorImpl.newInstance0(Native Method)
at java.base/jdk.internal.reflect.NativeConstructorAccessorImpl.newInstance(NativeConstructorAccessorImpl.java:62)
at java.base/jdk.internal.reflect.DelegatingConstructorAccessorImpl.newInstance(DelegatingConstructorAccessorImpl.java:45)
at java.base/java.lang.reflect.Constructor.newInstanceWithCaller(Constructor.java:500)
at java.base/java.lang.reflect.Constructor.newInstance(Constructor.java:481)
at org.openqa.selenium.remote.W3CHandshakeResponse.lambda$errorHandler$0(W3CHandshakeResponse.java:62)
at org.openqa.selenium.remote.HandshakeResponse.lambda$getResponseFunction$0(HandshakeResponse.java:30)
at org.openqa.selenium.remote.ProtocolHandshake.lambda$createSession$0(ProtocolHandshake.java:126)
at java.base/java.util.stream.ReferencePipeline$3$1.accept(ReferencePipeline.java:195)
at java.base/java.util.Spliterators$ArraySpliterator.tryAdvance(Spliterators.java:958)
at java.base/java.util.stream.ReferencePipeline.forEachWithCancel(ReferencePipeline.java:127)
at java.base/java.util.stream.AbstractPipeline.copyIntoWithCancel(AbstractPipeline.java:502)
at java.base/java.util.stream.AbstractPipeline.copyInto(AbstractPipeline.java:488)
at java.base/java.util.stream.AbstractPipeline.wrapAndCopyInto(AbstractPipeline.java:474)
at java.base/java.util.stream.FindOps$FindOp.evaluateSequential(FindOps.java:150)
at java.base/java.util.stream.AbstractPipeline.evaluate(AbstractPipeline.java:234)
at java.base/java.util.stream.ReferencePipeline.findFirst(ReferencePipeline.java:543)
at org.openqa.selenium.remote.ProtocolHandshake.createSession(ProtocolHandshake.java:128)
at org.openqa.selenium.remote.ProtocolHandshake.createSession(ProtocolHandshake.java:74)
at org.openqa.selenium.remote.HttpCommandExecutor.execute(HttpCommandExecutor.java:139)
at org.openqa.selenium.remote.service.DriverCommandExecutor.execute(DriverCommandExecutor.java:83)
at org.openqa.selenium.remote.RemoteWebDriver.execute(RemoteWebDriver.java:577)
at org.openqa.selenium.remote.RemoteWebDriver.startSession(RemoteWebDriver.java:211)
at org.openqa.selenium.remote.RemoteWebDriver.<init>(RemoteWebDriver.java:131)
at org.openqa.selenium.chrome.ChromeDriver.<init>(ChromeDriver.java:189)
at org.openqa.selenium.chrome.ChromeDriver.<init>(ChromeDriver.java:176)
at org.openqa.selenium.chrome.ChromeDriver.<init>(ChromeDriver.java:131)
at com.caseStatus.testCases.BaseTestCase.setup(BaseTestCase.java:24)
at java.base/jdk.internal.reflect.NativeMethodAccessorImpl.invoke0(Native Method)
at java.base/jdk.internal.reflect.NativeMethodAccessorImpl.invoke(NativeMethodAccessorImpl.java:62)
at java.base/jdk.internal.reflect.DelegatingMethodAccessorImpl.invoke(DelegatingMethodAccessorImpl.java:43)
at java.base/java.lang.reflect.Method.invoke(Method.java:567)
at org.testng.internal.MethodInvocationHelper.invokeMethod(MethodInvocationHelper.java:133)
at org.testng.internal.MethodInvocationHelper.invokeMethodConsideringTimeout(MethodInvocationHelper.java:62)
at org.testng.internal.ConfigInvoker.invokeConfigurationMethod(ConfigInvoker.java:385)
at org.testng.internal.ConfigInvoker.invokeConfigurations(ConfigInvoker.java:321)
at org.testng.TestRunner.invokeTestConfigurations(TestRunner.java:637)
at org.testng.TestRunner.beforeRun(TestRunner.java:627)
at org.testng.TestRunner.run(TestRunner.java:589)
at org.testng.SuiteRunner.runTest(SuiteRunner.java:377)
at org.testng.SuiteRunner.runSequentially(SuiteRunner.java:371)
at org.testng.SuiteRunner.privateRun(SuiteRunner.java:332)
at org.testng.SuiteRunner.run(SuiteRunner.java:276)
at org.testng.SuiteRunnerWorker.runSuite(SuiteRunnerWorker.java:53)
at org.testng.SuiteRunnerWorker.run(SuiteRunnerWorker.java:96)
at org.testng.TestNG.runSuitesSequentially(TestNG.java:1212)
at org.testng.TestNG.runSuitesLocally(TestNG.java:1134)
at org.testng.TestNG.runSuites(TestNG.java:1063)
at org.testng.TestNG.run(TestNG.java:1031)
at org.testng.remote.AbstractRemoteTestNG.run(AbstractRemoteTestNG.java:115)
at org.testng.remote.RemoteTestNG.initAndRun(RemoteTestNG.java:251)
at org.testng.remote.RemoteTestNG.main(RemoteTestNG.java:77)
]]>
    </failure>
  </testcase> <!-- @BeforeTest setup -->
  <testcase classname="com.caseStatus.testCases.BaseTestCase" name="@AfterTest Teardown" time="-1.64873112213E9">
    <skipped/>
  </testcase> <!-- @AfterTest Teardown -->
  <testcase classname="com.caseStatus.testCases.CheckMyCases" name="checkAsyStatus" time="0.0">
    <skipped/>
  </testcase> <!-- checkAsyStatus -->
  <testcase classname="com.caseStatus.testCases.CheckMyCases" name="checkEadstatus" time="0.0">
    <skipped/>
  </testcase> <!-- checkEadstatus -->
  <testcase classname="com.caseStatus.testCases.CheckMyCases" name="checkCaseProcessingTimes" time="0.0">
    <ignored/>
  </testcase> <!-- checkCaseProcessingTimes -->
  <testcase classname="com.caseStatus.testCases.CheckMyCases" name="checkTpsstatus" time="0.0">
    <ignored/>
  </testcase> <!-- checkTpsstatus -->
</testsuite> <!-- Default test -->
